2010-12-20 16:46:03,319 main ERROR      [atlassian.jira.startup.WebContextJiraHomePathLocator] No ServletContext exists - cannot check for jira.home.
2010-12-20 16:46:03,374 main INFO      [atlassian.jira.startup.CompositeJiraHomePathLocator] jira.home '${project.build.directory}/jira' found using Application Properties.
2010-12-20 16:46:03,419 main FATAL      [atlassian.jira.startup.JiraStartupLogger] 

********************************************************************************************************************************************************************************************************
jira.home must be an absolute path.
See http://docs.atlassian.com/jira/docs-041/Setting+your+JIRA+Home+Directory?clicked=jirahelp for instructions on setting jira.home
Your current jira.home is:
${project.build.directory}/jira
********************************************************************************************************************************************************************************************************

2010-12-20 16:46:04,178 main WARN      [core.entity.transaction.JNDIFactory] [ConnectionFactory.getConnection] Failed to find DataSource named java:comp/env/jdbc/JiraDS in JNDI server with name default. Trying normal database.
javax.naming.NoInitialContextException: Need to specify class name in environment or system property, or as an applet parameter, or in an application resource file:  java.naming.factory.initial
	at javax.naming.spi.NamingManager.getInitialContext(NamingManager.java:645)
	at javax.naming.InitialContext.getDefaultInitCtx(InitialContext.java:288)
	at javax.naming.InitialContext.getURLOrDefaultInitCtx(InitialContext.java:325)
	at javax.naming.InitialContext.lookup(InitialContext.java:392)
	at org.ofbiz.core.entity.transaction.JNDIFactory.getJndiConnection(JNDIFactory.java:192)
	at org.ofbiz.core.entity.transaction.JNDIFactory.getConnection(JNDIFactory.java:140)
	at org.ofbiz.core.entity.TransactionFactory.getConnection(TransactionFactory.java:99)
	at org.ofbiz.core.entity.ConnectionFactory.getConnection(ConnectionFactory.java:53)
	at org.ofbiz.core.entity.jdbc.DatabaseUtil.getConnection(DatabaseUtil.java:56)
	at org.ofbiz.core.entity.jdbc.DatabaseUtil.getTableNames(DatabaseUtil.java:658)
	at org.ofbiz.core.entity.jdbc.DatabaseUtil.checkDb(DatabaseUtil.java:71)
	at org.ofbiz.core.entity.GenericDAO.checkDb(GenericDAO.java:1321)
	at org.ofbiz.core.entity.GenericHelperDAO.checkDataSource(GenericHelperDAO.java:245)
	at org.ofbiz.core.entity.GenericDelegator.<init>(GenericDelegator.java:157)
	at org.ofbiz.core.entity.GenericDelegator.getGenericDelegator(GenericDelegator.java:94)
	at com.atlassian.core.ofbiz.CoreFactory.getGenericDelegator(CoreFactory.java:33)
	at com.atlassian.jira.ContainerRegistrar.registerComponents(ContainerRegistrar.java:1042)
	at com.atlassian.jira.ComponentManager.registerComponents(ComponentManager.java:345)
	at com.atlassian.jira.ComponentManager.initialise(ComponentManager.java:195)
	at com.atlassian.jira.ComponentManager.<init>(ComponentManager.java:182)
	at com.atlassian.jira.ComponentManager.<clinit>(ComponentManager.java:160)
	at com.atlassian.jira.ManagerFactory.getIndexLifecycleManager(ManagerFactory.java:250)
	at com.atlassian.jira.ManagerFactory.quickRefresh(ManagerFactory.java:82)
	at com.atlassian.jira.ManagerFactory.quickRefresh(ManagerFactory.java:71)
	at com.sourcesense.jira.mocks.JiraTestCase.<init>(JiraTestCase.java:21)
	at com.sourcesense.jira.mocks.EasyMockTestCase.<init>(EasyMockTestCase.java:5)
	at com.sourcesense.jira.customfield.statistics.TestMultiLevelCascadingSelectStatisticsMapper.<init>(TestMultiLevelCascadingSelectStatisticsMapper.java:40)
	at sun.reflect.NativeConstructorAccessorImpl.newInstance0(Native Method)
	at sun.reflect.NativeConstructorAccessorImpl.newInstance(NativeConstructorAccessorImpl.java:39)
	at sun.reflect.DelegatingConstructorAccessorImpl.newInstance(DelegatingConstructorAccessorImpl.java:27)
	at java.lang.reflect.Constructor.newInstance(Constructor.java:513)
	at junit.framework.TestSuite.createTest(TestSuite.java:61)
	at junit.framework.TestSuite.addTestMethod(TestSuite.java:283)
	at junit.framework.TestSuite.<init>(TestSuite.java:146)
	at org.junit.internal.runners.JUnit38ClassRunner.<init>(JUnit38ClassRunner.java:79)
	at org.junit.internal.builders.JUnit3Builder.runnerForClass(JUnit3Builder.java:14)
	at org.junit.runners.model.RunnerBuilder.safeRunnerForClass(RunnerBuilder.java:57)
	at org.junit.internal.builders.AllDefaultPossibilitiesBuilder.runnerForClass(AllDefaultPossibilitiesBuilder.java:29)
	at org.junit.runners.model.RunnerBuilder.safeRunnerForClass(RunnerBuilder.java:57)
	at org.junit.internal.requests.ClassRequest.getRunner(ClassRequest.java:24)
	at org.apache.maven.surefire.junit4.JUnit4TestSet.<init>(JUnit4TestSet.java:45)
	at org.apache.maven.surefire.junit4.JUnit4DirectoryTestSuite.createTestSet(JUnit4DirectoryTestSuite.java:56)
	at org.apache.maven.surefire.suite.AbstractDirectoryTestSuite.locateTestSets(AbstractDirectoryTestSuite.java:96)
	at org.apache.maven.surefire.Surefire.createSuiteFromDefinition(Surefire.java:209)
	at org.apache.maven.surefire.Surefire.run(Surefire.java:156)
	at sun.reflect.NativeMethodAccessorImpl.invoke0(Native Method)
	at sun.reflect.NativeMethodAccessorImpl.invoke(NativeMethodAccessorImpl.java:39)
	at sun.reflect.DelegatingMethodAccessorImpl.invoke(DelegatingMethodAccessorImpl.java:25)
	at java.lang.reflect.Method.invoke(Method.java:597)
	at org.apache.maven.surefire.booter.SurefireBooter.runSuitesInProcess(SurefireBooter.java:345)
	at org.apache.maven.surefire.booter.SurefireBooter.main(SurefireBooter.java:1009)
2010-12-20 16:46:04,183 main ERROR      [ofbiz.core.entity.ConnectionFactory] ******* ERROR: No database connection found for helperName "defaultDS"
2010-12-20 16:46:04,183 main ERROR      [core.entity.jdbc.DatabaseUtil] Unable to esablish a connection with the database, no additional information available.
2010-12-20 16:46:04,184 main ERROR      [core.entity.jdbc.DatabaseUtil] Could not get table name information from the database, aborting.
2010-12-20 16:46:06,340 main WARN      [core.entity.transaction.JNDIFactory] [ConnectionFactory.getConnection] Failed to find DataSource named java:comp/env/jdbc/JiraDS in JNDI server with name default. Trying normal database.
javax.naming.NoInitialContextException: Need to specify class name in environment or system property, or as an applet parameter, or in an application resource file:  java.naming.factory.initial
	at javax.naming.spi.NamingManager.getInitialContext(NamingManager.java:645)
	at javax.naming.InitialContext.getDefaultInitCtx(InitialContext.java:288)
	at javax.naming.InitialContext.getURLOrDefaultInitCtx(InitialContext.java:325)
	at javax.naming.InitialContext.lookup(InitialContext.java:392)
	at org.ofbiz.core.entity.transaction.JNDIFactory.getJndiConnection(JNDIFactory.java:192)
	at org.ofbiz.core.entity.transaction.JNDIFactory.getConnection(JNDIFactory.java:140)
	at org.ofbiz.core.entity.TransactionFactory.getConnection(TransactionFactory.java:99)
	at org.ofbiz.core.entity.ConnectionFactory.getConnection(ConnectionFactory.java:53)
	at org.ofbiz.core.entity.jdbc.SQLProcessor.getConnection(SQLProcessor.java:365)
	at org.ofbiz.core.entity.jdbc.SQLProcessor.prepareStatement(SQLProcessor.java:513)
	at org.ofbiz.core.entity.GenericDAO.selectListIteratorByCondition(GenericDAO.java:1050)
	at org.ofbiz.core.entity.GenericDAO.selectByAnd(GenericDAO.java:621)
	at org.ofbiz.core.entity.GenericHelperDAO.findByAnd(GenericHelperDAO.java:134)
	at org.ofbiz.core.entity.GenericDelegator.findByAnd(GenericDelegator.java:792)
	at org.ofbiz.core.entity.GenericDelegator.findByAnd(GenericDelegator.java:777)
	at org.ofbiz.core.entity.GenericDelegator.findByAnd(GenericDelegator.java:754)
	at com.opensymphony.module.propertyset.ofbiz.OFBizPropertySet.getKeys(OFBizPropertySet.java:87)
	at com.opensymphony.module.propertyset.AbstractPropertySet.getKeys(AbstractPropertySet.java:292)
	at com.atlassian.jira.propertyset.PropertySetCache.bulkLoad(PropertySetCache.java:301)
	at com.atlassian.jira.propertyset.JiraCachingPropertySet.init(JiraCachingPropertySet.java:834)
	at com.opensymphony.module.propertyset.PropertySetManager.getInstance(PropertySetManager.java:45)
	at com.opensymphony.module.propertyset.PropertySetManager.getInstance(PropertySetManager.java:22)
	at com.atlassian.jira.config.properties.PropertiesManager$1.create(PropertiesManager.java:43)
	at com.atlassian.jira.config.properties.PropertiesManager$1.create(PropertiesManager.java:32)
	at com.atlassian.util.concurrent.ResettableLazyReference$InternalReference.create(ResettableLazyReference.java:127)
	at com.atlassian.util.concurrent.LazyReference$1.call(LazyReference.java:79)
	at java.util.concurrent.FutureTask$Sync.innerRun(FutureTask.java:303)
	at java.util.concurrent.FutureTask.run(FutureTask.java:138)
	at com.atlassian.util.concurrent.LazyReference.getInterruptibly(LazyReference.java:146)
	at com.atlassian.util.concurrent.LazyReference.get(LazyReference.java:115)
	at com.atlassian.util.concurrent.ResettableLazyReference.get(ResettableLazyReference.java:73)
	at com.atlassian.jira.config.properties.PropertiesManager.getPropertySet(PropertiesManager.java:74)
	at com.atlassian.jira.config.properties.ApplicationPropertiesImpl.getString(ApplicationPropertiesImpl.java:143)
	at com.atlassian.jira.config.properties.ApplicationPropertiesImpl.getDefaultBackedString(ApplicationPropertiesImpl.java:172)
	at com.atlassian.jira.ComponentManager.registerExtensions(ComponentManager.java:300)
	at com.atlassian.jira.ComponentManager.initialise(ComponentManager.java:196)
	at com.atlassian.jira.ComponentManager.<init>(ComponentManager.java:182)
	at com.atlassian.jira.ComponentManager.<clinit>(ComponentManager.java:160)
	at com.atlassian.jira.ManagerFactory.getIndexLifecycleManager(ManagerFactory.java:250)
	at com.atlassian.jira.ManagerFactory.quickRefresh(ManagerFactory.java:82)
	at com.atlassian.jira.ManagerFactory.quickRefresh(ManagerFactory.java:71)
	at com.sourcesense.jira.mocks.JiraTestCase.<init>(JiraTestCase.java:21)
	at com.sourcesense.jira.mocks.EasyMockTestCase.<init>(EasyMockTestCase.java:5)
	at com.sourcesense.jira.customfield.statistics.TestMultiLevelCascadingSelectStatisticsMapper.<init>(TestMultiLevelCascadingSelectStatisticsMapper.java:40)
	at sun.reflect.NativeConstructorAccessorImpl.newInstance0(Native Method)
	at sun.reflect.NativeConstructorAccessorImpl.newInstance(NativeConstructorAccessorImpl.java:39)
	at sun.reflect.DelegatingConstructorAccessorImpl.newInstance(DelegatingConstructorAccessorImpl.java:27)
	at java.lang.reflect.Constructor.newInstance(Constructor.java:513)
	at junit.framework.TestSuite.createTest(TestSuite.java:61)
	at junit.framework.TestSuite.addTestMethod(TestSuite.java:283)
	at junit.framework.TestSuite.<init>(TestSuite.java:146)
	at org.junit.internal.runners.JUnit38ClassRunner.<init>(JUnit38ClassRunner.java:79)
	at org.junit.internal.builders.JUnit3Builder.runnerForClass(JUnit3Builder.java:14)
	at org.junit.runners.model.RunnerBuilder.safeRunnerForClass(RunnerBuilder.java:57)
	at org.junit.internal.builders.AllDefaultPossibilitiesBuilder.runnerForClass(AllDefaultPossibilitiesBuilder.java:29)
	at org.junit.runners.model.RunnerBuilder.safeRunnerForClass(RunnerBuilder.java:57)
	at org.junit.internal.requests.ClassRequest.getRunner(ClassRequest.java:24)
	at org.apache.maven.surefire.junit4.JUnit4TestSet.<init>(JUnit4TestSet.java:45)
	at org.apache.maven.surefire.junit4.JUnit4DirectoryTestSuite.createTestSet(JUnit4DirectoryTestSuite.java:56)
	at org.apache.maven.surefire.suite.AbstractDirectoryTestSuite.locateTestSets(AbstractDirectoryTestSuite.java:96)
	at org.apache.maven.surefire.Surefire.createSuiteFromDefinition(Surefire.java:209)
	at org.apache.maven.surefire.Surefire.run(Surefire.java:156)
	at sun.reflect.NativeMethodAccessorImpl.invoke0(Native Method)
	at sun.reflect.NativeMethodAccessorImpl.invoke(NativeMethodAccessorImpl.java:39)
	at sun.reflect.DelegatingMethodAccessorImpl.invoke(DelegatingMethodAccessorImpl.java:25)
	at java.lang.reflect.Method.invoke(Method.java:597)
	at org.apache.maven.surefire.booter.SurefireBooter.runSuitesInProcess(SurefireBooter.java:345)
	at org.apache.maven.surefire.booter.SurefireBooter.main(SurefireBooter.java:1009)
2010-12-20 16:46:06,342 main ERROR      [ofbiz.core.entity.ConnectionFactory] ******* ERROR: No database connection found for helperName "defaultDS"
2010-12-20 16:46:06,342 main WARN      [core.entity.transaction.JNDIFactory] NamingException while finding UserTransaction named java:comp/env/UserTransaction in JNDI.
javax.naming.NoInitialContextException: Need to specify class name in environment or system property, or as an applet parameter, or in an application resource file:  java.naming.factory.initial
	at javax.naming.spi.NamingManager.getInitialContext(NamingManager.java:645)
	at javax.naming.InitialContext.getDefaultInitCtx(InitialContext.java:288)
	at javax.naming.InitialContext.getURLOrDefaultInitCtx(InitialContext.java:325)
	at javax.naming.InitialContext.lookup(InitialContext.java:392)
	at org.ofbiz.core.entity.transaction.JNDIFactory.getUserTransaction(JNDIFactory.java:109)
	at org.ofbiz.core.entity.TransactionFactory.getUserTransaction(TransactionFactory.java:91)
	at org.ofbiz.core.entity.TransactionUtil.getStatus(TransactionUtil.java:80)
	at org.ofbiz.core.entity.jdbc.SQLProcessor.getConnection(SQLProcessor.java:410)
	at org.ofbiz.core.entity.jdbc.SQLProcessor.prepareStatement(SQLProcessor.java:513)
	at org.ofbiz.core.entity.GenericDAO.selectListIteratorByCondition(GenericDAO.java:1050)
	at org.ofbiz.core.entity.GenericDAO.selectByAnd(GenericDAO.java:621)
	at org.ofbiz.core.entity.GenericHelperDAO.findByAnd(GenericHelperDAO.java:134)
	at org.ofbiz.core.entity.GenericDelegator.findByAnd(GenericDelegator.java:792)
	at org.ofbiz.core.entity.GenericDelegator.findByAnd(GenericDelegator.java:777)
	at org.ofbiz.core.entity.GenericDelegator.findByAnd(GenericDelegator.java:754)
	at com.opensymphony.module.propertyset.ofbiz.OFBizPropertySet.getKeys(OFBizPropertySet.java:87)
	at com.opensymphony.module.propertyset.AbstractPropertySet.getKeys(AbstractPropertySet.java:292)
	at com.atlassian.jira.propertyset.PropertySetCache.bulkLoad(PropertySetCache.java:301)
	at com.atlassian.jira.propertyset.JiraCachingPropertySet.init(JiraCachingPropertySet.java:834)
	at com.opensymphony.module.propertyset.PropertySetManager.getInstance(PropertySetManager.java:45)
	at com.opensymphony.module.propertyset.PropertySetManager.getInstance(PropertySetManager.java:22)
	at com.atlassian.jira.config.properties.PropertiesManager$1.create(PropertiesManager.java:43)
	at com.atlassian.jira.config.properties.PropertiesManager$1.create(PropertiesManager.java:32)
	at com.atlassian.util.concurrent.ResettableLazyReference$InternalReference.create(ResettableLazyReference.java:127)
	at com.atlassian.util.concurrent.LazyReference$1.call(LazyReference.java:79)
	at java.util.concurrent.FutureTask$Sync.innerRun(FutureTask.java:303)
	at java.util.concurrent.FutureTask.run(FutureTask.java:138)
	at com.atlassian.util.concurrent.LazyReference.getInterruptibly(LazyReference.java:146)
	at com.atlassian.util.concurrent.LazyReference.get(LazyReference.java:115)
	at com.atlassian.util.concurrent.ResettableLazyReference.get(ResettableLazyReference.java:73)
	at com.atlassian.jira.config.properties.PropertiesManager.getPropertySet(PropertiesManager.java:74)
	at com.atlassian.jira.config.properties.ApplicationPropertiesImpl.getString(ApplicationPropertiesImpl.java:143)
	at com.atlassian.jira.config.properties.ApplicationPropertiesImpl.getDefaultBackedString(ApplicationPropertiesImpl.java:172)
	at com.atlassian.jira.ComponentManager.registerExtensions(ComponentManager.java:300)
	at com.atlassian.jira.ComponentManager.initialise(ComponentManager.java:196)
	at com.atlassian.jira.ComponentManager.<init>(ComponentManager.java:182)
	at com.atlassian.jira.ComponentManager.<clinit>(ComponentManager.java:160)
	at com.atlassian.jira.ManagerFactory.getIndexLifecycleManager(ManagerFactory.java:250)
	at com.atlassian.jira.ManagerFactory.quickRefresh(ManagerFactory.java:82)
	at com.atlassian.jira.ManagerFactory.quickRefresh(ManagerFactory.java:71)
	at com.sourcesense.jira.mocks.JiraTestCase.<init>(JiraTestCase.java:21)
	at com.sourcesense.jira.mocks.EasyMockTestCase.<init>(EasyMockTestCase.java:5)
	at com.sourcesense.jira.customfield.statistics.TestMultiLevelCascadingSelectStatisticsMapper.<init>(TestMultiLevelCascadingSelectStatisticsMapper.java:40)
	at sun.reflect.NativeConstructorAccessorImpl.newInstance0(Native Method)
	at sun.reflect.NativeConstructorAccessorImpl.newInstance(NativeConstructorAccessorImpl.java:39)
	at sun.reflect.DelegatingConstructorAccessorImpl.newInstance(DelegatingConstructorAccessorImpl.java:27)
	at java.lang.reflect.Constructor.newInstance(Constructor.java:513)
	at junit.framework.TestSuite.createTest(TestSuite.java:61)
	at junit.framework.TestSuite.addTestMethod(TestSuite.java:283)
	at junit.framework.TestSuite.<init>(TestSuite.java:146)
	at org.junit.internal.runners.JUnit38ClassRunner.<init>(JUnit38ClassRunner.java:79)
	at org.junit.internal.builders.JUnit3Builder.runnerForClass(JUnit3Builder.java:14)
	at org.junit.runners.model.RunnerBuilder.safeRunnerForClass(RunnerBuilder.java:57)
	at org.junit.internal.builders.AllDefaultPossibilitiesBuilder.runnerForClass(AllDefaultPossibilitiesBuilder.java:29)
	at org.junit.runners.model.RunnerBuilder.safeRunnerForClass(RunnerBuilder.java:57)
	at org.junit.internal.requests.ClassRequest.getRunner(ClassRequest.java:24)
	at org.apache.maven.surefire.junit4.JUnit4TestSet.<init>(JUnit4TestSet.java:45)
	at org.apache.maven.surefire.junit4.JUnit4DirectoryTestSuite.createTestSet(JUnit4DirectoryTestSuite.java:56)
	at org.apache.maven.surefire.suite.AbstractDirectoryTestSuite.locateTestSets(AbstractDirectoryTestSuite.java:96)
	at org.apache.maven.surefire.Surefire.createSuiteFromDefinition(Surefire.java:209)
	at org.apache.maven.surefire.Surefire.run(Surefire.java:156)
	at sun.reflect.NativeMethodAccessorImpl.invoke0(Native Method)
	at sun.reflect.NativeMethodAccessorImpl.invoke(NativeMethodAccessorImpl.java:39)
	at sun.reflect.DelegatingMethodAccessorImpl.invoke(DelegatingMethodAccessorImpl.java:25)
	at java.lang.reflect.Method.invoke(Method.java:597)
	at org.apache.maven.surefire.booter.SurefireBooter.runSuitesInProcess(SurefireBooter.java:345)
	at org.apache.maven.surefire.booter.SurefireBooter.main(SurefireBooter.java:1009)
2010-12-20 16:46:06,345 main WARN      [core.entity.transaction.JNDIFactory] [JNDIFactory.getUserTransaction] Failed to find UserTransaction named java:comp/env/UserTransaction in JNDI.
2010-12-20 16:46:06,346 main WARN      [jira.config.properties.ApplicationPropertiesImpl] Exception getting property 'jira.extension.container.provider' from database. Using default
